Start Training: Epoch 1
TRAIN AUC : 0.8014535884971498 ACC : 0.7582476261230934
VALID AUC : 0.7809653828496947 ACC : 0.716524854455889

saving model ...
Start Training: Epoch 2
TRAIN AUC : 0.8198753303777783 ACC : 0.7700763819562139
VALID AUC : 0.7861685495340185 ACC : 0.7236901030004478

saving model ...
Start Training: Epoch 3
TRAIN AUC : 0.8256698080852127 ACC : 0.7734311517656072
VALID AUC : 0.7903323670194836 ACC : 0.7236901030004478

saving model ...
Start Training: Epoch 4
TRAIN AUC : 0.8289534975471942 ACC : 0.7752420309706777
VALID AUC : 0.793724096528654 ACC : 0.7214509628302732

saving model ...
Start Training: Epoch 5
TRAIN AUC : 0.8314633748185454 ACC : 0.776495716574188
VALID AUC : 0.7945619965777723 ACC : 0.7201074787281684

saving model ...
Start Training: Epoch 6
TRAIN AUC : 0.8335091268575407 ACC : 0.7780628235785759
VALID AUC : 0.7950828750565824 ACC : 0.7281683833407971

saving model ...
Start Training: Epoch 7
TRAIN AUC : 0.8356133236801339 ACC : 0.7794093747823463
VALID AUC : 0.792097254191908 ACC : 0.7218987908643081

Start Training: Epoch 8
TRAIN AUC : 0.8368179372634992 ACC : 0.7811970375873517
VALID AUC : 0.7950981241954073 ACC : 0.7335423197492164

saving model ...
Start Training: Epoch 9
TRAIN AUC : 0.8381886129617442 ACC : 0.782288208390407
VALID AUC : 0.7964272070319397 ACC : 0.7245857590685177

saving model ...
Start Training: Epoch 10
TRAIN AUC : 0.8388328904742886 ACC : 0.7834954611937873
VALID AUC : 0.7989874571820234 ACC : 0.7250335871025526

saving model ...
Start Training: Epoch 11
TRAIN AUC : 0.8399162409890241 ACC : 0.7829847003923571
VALID AUC : 0.797366232949055 ACC : 0.7254814151365876

Start Training: Epoch 12
TRAIN AUC : 0.8402010423407551 ACC : 0.7834258119935923
VALID AUC : 0.796798804467516 ACC : 0.7254814151365876

Start Training: Epoch 13
TRAIN AUC : 0.8408080412831167 ACC : 0.7838320989947298
VALID AUC : 0.7932433473625411 ACC : 0.7232422749664129

Start Training: Epoch 14
TRAIN AUC : 0.840666188253385 ACC : 0.7836928005943399
VALID AUC : 0.7946687405495468 ACC : 0.7254814151365876

Start Training: Epoch 15
TRAIN AUC : 0.8414977480625832 ACC : 0.7842499941959
VALID AUC : 0.7974513070919732 ACC : 0.7254814151365876

EarlyStopping counter: 5 out of 5
