Start Training: Epoch 1
TRAIN AUC : 0.8244617818169633 ACC : 0.7785862457555991
VALID AUC : 0.8111125826363781 ACC : 0.7412935323383084

saving model ...
Start Training: Epoch 2
TRAIN AUC : 0.829693994060188 ACC : 0.782407130526289
VALID AUC : 0.8145380279193706 ACC : 0.7467661691542289

saving model ...
Start Training: Epoch 3
TRAIN AUC : 0.8305328335906393 ACC : 0.7831557175179436
VALID AUC : 0.8145629221438109 ACC : 0.7432835820895523

saving model ...
Start Training: Epoch 4
TRAIN AUC : 0.8308304966846489 ACC : 0.7836261043170084
VALID AUC : 0.8146624990415724 ACC : 0.744776119402985

saving model ...
Start Training: Epoch 5
TRAIN AUC : 0.8312595409533818 ACC : 0.783614008656461
VALID AUC : 0.8175641698423398 ACC : 0.7437810945273632

saving model ...
Start Training: Epoch 6
TRAIN AUC : 0.8316510646088221 ACC : 0.7835589062028563
VALID AUC : 0.817122546300768 ACC : 0.736318407960199

Start Training: Epoch 7
TRAIN AUC : 0.8332772382802609 ACC : 0.7846495315955453
VALID AUC : 0.821765319158894 ACC : 0.7477611940298508

saving model ...
Start Training: Epoch 8
TRAIN AUC : 0.8362489361007501 ACC : 0.7873905426718104
VALID AUC : 0.8239191674574732 ACC : 0.7502487562189055

saving model ...
Start Training: Epoch 9
TRAIN AUC : 0.8366351938273002 ACC : 0.7877419888088261
VALID AUC : 0.8226396043212391 ACC : 0.7517412935323383

Start Training: Epoch 10
TRAIN AUC : 0.8367982275341332 ACC : 0.7876868863552213
VALID AUC : 0.8242637035237277 ACC : 0.7542288557213931

saving model ...
Start Training: Epoch 11
TRAIN AUC : 0.8371079021197849 ACC : 0.7875739935234457
VALID AUC : 0.823493974104032 ACC : 0.7502487562189055

Start Training: Epoch 12
TRAIN AUC : 0.8371982927101786 ACC : 0.7879744942837924
VALID AUC : 0.8239002478468985 ACC : 0.7507462686567165

Start Training: Epoch 13
TRAIN AUC : 0.8371521912655799 ACC : 0.7878280023949408
VALID AUC : 0.824197982771205 ACC : 0.7517412935323383

Start Training: Epoch 14
TRAIN AUC : 0.8372920492406408 ACC : 0.7881243460783517
VALID AUC : 0.8258280565875595 ACC : 0.7532338308457711

saving model ...
Start Training: Epoch 15
TRAIN AUC : 0.8372680764479908 ACC : 0.7882755418351939
VALID AUC : 0.8250802340853712 ACC : 0.7527363184079602

Start Training: Epoch 16
Traceback (most recent call last):
  File "train.py", line 31, in <module>
    main(args)
  File "train.py", line 25, in main
    trainer.run(args, train_data, valid_data, model)
  File "/opt/ml/input/code/dkt_v3/src/trainer.py", line 36, in run
    train_auc, train_acc, train_loss = train(
  File "/opt/ml/input/code/dkt_v3/src/trainer.py", line 87, in train
    for step, batch in enumerate(train_loader):
  File "/opt/conda/envs/dkt/lib/python3.8/site-packages/torch/utils/data/dataloader.py", line 628, in __next__
    data = self._next_data()
  File "/opt/conda/envs/dkt/lib/python3.8/site-packages/torch/utils/data/dataloader.py", line 1316, in _next_data
    idx, data = self._get_data()
  File "/opt/conda/envs/dkt/lib/python3.8/site-packages/torch/utils/data/dataloader.py", line 1282, in _get_data
    success, data = self._try_get_data()
  File "/opt/conda/envs/dkt/lib/python3.8/site-packages/torch/utils/data/dataloader.py", line 1120, in _try_get_data
    data = self._data_queue.get(timeout=timeout)
  File "/opt/conda/envs/dkt/lib/python3.8/multiprocessing/queues.py", line 116, in get
    return _ForkingPickler.loads(res)
  File "/opt/conda/envs/dkt/lib/python3.8/site-packages/torch/multiprocessing/reductions.py", line 305, in rebuild_storage_fd
    fd = df.detach()
  File "/opt/conda/envs/dkt/lib/python3.8/multiprocessing/resource_sharer.py", line 57, in detach
    with _resource_sharer.get_connection(self._id) as conn:
  File "/opt/conda/envs/dkt/lib/python3.8/multiprocessing/resource_sharer.py", line 87, in get_connection
    c = Client(address, authkey=process.current_process().authkey)
  File "/opt/conda/envs/dkt/lib/python3.8/multiprocessing/connection.py", line 508, in Client
    answer_challenge(c, authkey)
  File "/opt/conda/envs/dkt/lib/python3.8/multiprocessing/connection.py", line 752, in answer_challenge
    message = connection.recv_bytes(256)         # reject large message
  File "/opt/conda/envs/dkt/lib/python3.8/multiprocessing/connection.py", line 216, in recv_bytes
    buf = self._recv_bytes(maxlength)
  File "/opt/conda/envs/dkt/lib/python3.8/multiprocessing/connection.py", line 414, in _recv_bytes
    buf = self._recv(4)
  File "/opt/conda/envs/dkt/lib/python3.8/multiprocessing/connection.py", line 379, in _recv
    chunk = read(handle, remaining)
KeyboardInterrupt
