Start Training: Epoch 1
TRAIN AUC : 0.8244237997838285 ACC : 0.7785775100007594
VALID AUC : 0.8119231385841559 ACC : 0.744776119402985

saving model ...
Start Training: Epoch 2
TRAIN AUC : 0.8297658606937999 ACC : 0.7825159914712153
VALID AUC : 0.8124339680696719 ACC : 0.7432835820895523

saving model ...
Start Training: Epoch 3
TRAIN AUC : 0.8304611975416503 ACC : 0.783296833557663
VALID AUC : 0.8151593877614016 ACC : 0.7427860696517413

saving model ...
Start Training: Epoch 4
TRAIN AUC : 0.8310309734990313 ACC : 0.7835568902594318
VALID AUC : 0.8142104199257356 ACC : 0.7412935323383084

Start Training: Epoch 5
TRAIN AUC : 0.8313669484042356 ACC : 0.7835461385611674
VALID AUC : 0.8178180909316315 ACC : 0.7477611940298508

saving model ...
Start Training: Epoch 6
TRAIN AUC : 0.831973460089052 ACC : 0.7836859106386038
VALID AUC : 0.8169338480795103 ACC : 0.7457711442786069

Start Training: Epoch 7
TRAIN AUC : 0.8344794029670913 ACC : 0.7858308744423397
VALID AUC : 0.8229921065393145 ACC : 0.7532338308457711

saving model ...
Start Training: Epoch 8
TRAIN AUC : 0.836089870480265 ACC : 0.7869974337040205
VALID AUC : 0.8243453565798919 ACC : 0.7507462686567165

saving model ...
Start Training: Epoch 9
TRAIN AUC : 0.8362849465534172 ACC : 0.7871842444613635
VALID AUC : 0.8232251164800761 ACC : 0.7417910447761195

Start Training: Epoch 10
TRAIN AUC : 0.8365556664434921 ACC : 0.7872642102172045
VALID AUC : 0.8227720415952617 ACC : 0.7497512437810945

Start Training: Epoch 11
TRAIN AUC : 0.8365919736053968 ACC : 0.7873320803124981
VALID AUC : 0.8232689303150913 ACC : 0.7512437810945274

Start Training: Epoch 12
TRAIN AUC : 0.8366486312297498 ACC : 0.7873804629546877
VALID AUC : 0.8224474209085595 ACC : 0.7492537313432835

Start Training: Epoch 13
TRAIN AUC : 0.8368326204061284 ACC : 0.7875424104097942
VALID AUC : 0.8240974101044661 ACC : 0.7522388059701492

EarlyStopping counter: 5 out of 5
