wandb: Currently logged in as: minsukang. Use `wandb login --relogin` to force relogin
wandb: Tracking run with wandb version 0.13.5
wandb: Run data is saved locally in /opt/ml/input/code/dkt_v2/wandb/run-20221124_151044-3nyxmcnl
wandb: Run `wandb offline` to turn off syncing.
wandb: Syncing run vocal-mountain-8
wandb: ⭐️ View project at https://wandb.ai/minsukang/dkt-v2
wandb: 🚀 View run at https://wandb.ai/minsukang/dkt-v2/runs/3nyxmcnl
Start Training: Epoch 1
TRAIN AUC : 0.8265153646917862 ACC : 0.7692080769445286
VALID AUC : 0.8394936716953084 ACC : 0.7818939068540222

saving model ...
Start Training: Epoch 2
TRAIN AUC : 0.8355784302601938 ACC : 0.7756006335438203
VALID AUC : 0.8416212615190177 ACC : 0.7821746333681046

saving model ...
Start Training: Epoch 3
TRAIN AUC : 0.8368627321917078 ACC : 0.7764426259141464
VALID AUC : 0.8415928040016132 ACC : 0.7768116831318648

Start Training: Epoch 4
TRAIN AUC : 0.837512376752229 ACC : 0.7773995270596726
VALID AUC : 0.8410427793267777 ACC : 0.787282935509603

Start Training: Epoch 5
TRAIN AUC : 0.8376441594991416 ACC : 0.7775157797971558
VALID AUC : 0.8426264371518162 ACC : 0.7875529238510155

saving model ...
Start Training: Epoch 6
TRAIN AUC : 0.8376139192844381 ACC : 0.7775917136661477
VALID AUC : 0.8420241128584605 ACC : 0.7800960299441615

Start Training: Epoch 7
TRAIN AUC : 0.8375528619759796 ACC : 0.7778275790468216
VALID AUC : 0.842074547358805 ACC : 0.7824093391421734

Start Training: Epoch 8
TRAIN AUC : 0.83740294142071 ACC : 0.7776595837614413
VALID AUC : 0.8419734367257448 ACC : 0.7867521629747807

Start Training: Epoch 9
TRAIN AUC : 0.8371041808998693 ACC : 0.7772631148879438
VALID AUC : 0.8416798031558963 ACC : 0.7748496655826226

Start Training: Epoch 10
TRAIN AUC : 0.8369242934353482 ACC : 0.77708033601745
VALID AUC : 0.8416927897512341 ACC : 0.7706817205620666

EarlyStopping counter: 5 out of 5
wandb: Waiting for W&B process to finish... (success).
wandb: - 0.002 MB of 0.002 MB uploaded (0.000 MB deduped)wandb: \ 0.009 MB of 0.009 MB uploaded (0.000 MB deduped)wandb: 
wandb: Run history:
wandb:            epoch ▁▂▃▃▄▅▆▆▇█
wandb:  train_acc_epoch ▁▆▇██████▇
wandb:  train_auc_epoch ▁▇████████
wandb: train_loss_epoch █▃▂▁▁▁▁▁▁▂
wandb:  valid_acc_epoch ▆▆▄██▅▆█▃▁
wandb:  valid_auc_epoch ▁▆▆▄█▇▇▇▆▆
wandb: 
wandb: Run summary:
wandb:            epoch 9
wandb:  train_acc_epoch 0.77708
wandb:  train_auc_epoch 0.83692
wandb: train_loss_epoch 0.46409
wandb:  valid_acc_epoch 0.77068
wandb:  valid_auc_epoch 0.84169
wandb: 
wandb: Synced vocal-mountain-8: https://wandb.ai/minsukang/dkt-v2/runs/3nyxmcnl
wandb: Synced 6 W&B file(s), 0 media file(s), 0 artifact file(s) and 0 other file(s)
wandb: Find logs at: ./wandb/run-20221124_151044-3nyxmcnl/logs
