Start Training: Epoch 1
TRAIN AUC : 0.8265153647900205 ACC : 0.781335992586704
VALID AUC : 0.8188357668267532 ACC : 0.7512437810945274

saving model ...
Start Training: Epoch 2
TRAIN AUC : 0.8355784304476408 ACC : 0.7874785722013498
VALID AUC : 0.8226983546909183 ACC : 0.7527363184079602

saving model ...
Start Training: Epoch 3
TRAIN AUC : 0.8368627321345716 ACC : 0.7884636965548198
VALID AUC : 0.8225699004928061 ACC : 0.754726368159204

Start Training: Epoch 4
TRAIN AUC : 0.8375123767361907 ACC : 0.7888299262769489
VALID AUC : 0.8249288772007739 ACC : 0.7407960199004975

saving model ...
Start Training: Epoch 5
TRAIN AUC : 0.8376441595332229 ACC : 0.7887298010868623
VALID AUC : 0.8253769732407003 ACC : 0.7487562189054726

saving model ...
Start Training: Epoch 6
TRAIN AUC : 0.8376139194789017 ACC : 0.7889528988258474
VALID AUC : 0.8237239967378608 ACC : 0.753731343283582

Start Training: Epoch 7
TRAIN AUC : 0.8375528619649533 ACC : 0.7888910765608274
VALID AUC : 0.8238175990217567 ACC : 0.7557213930348259

Start Training: Epoch 8
TRAIN AUC : 0.8374029414227148 ACC : 0.7888769649568554
VALID AUC : 0.8222313390404173 ACC : 0.7482587064676617

Start Training: Epoch 9
TRAIN AUC : 0.8371041808427333 ACC : 0.7884636965548198
VALID AUC : 0.8249507841182814 ACC : 0.7592039800995025

Start Training: Epoch 10
TRAIN AUC : 0.8369242933772097 ACC : 0.7883696191950069
VALID AUC : 0.824118321252996 ACC : 0.7527363184079602

EarlyStopping counter: 5 out of 5
